<?xml version="1.0" encoding="UTF-8"?>
<!-- Generated by org.testng.reporters.JUnitXMLReporter -->
<testsuite ignored="0" hostname="DESKTOP-9UM4G0E" failures="0" tests="2" name="SendAMailAndValidate" time="37.883" errors="0" timestamp="09 Nov 2020 09:10:10 GMT">
  <testcase classname="aconex.testscripts.SendAMailAndValidate" name="sendAMailToGlobalGroup" time="23.092"/>
  <testcase classname="aconex.testscripts.SendAMailAndValidate" name="searchEmailAndValidate" time="5.013"/>
</testsuite> <!-- SendAMailAndValidate -->
