<?xml version="1.0" encoding="UTF-8"?>
<!-- Generated by org.testng.reporters.JUnitXMLReporter -->
<testsuite ignored="0" hostname="DESKTOP-9UM4G0E" failures="0" tests="2" name="UploadDocumentAndValidate" time="31.963" errors="0" timestamp="08 Nov 2020 18:53:00 GMT">
  <testcase classname="aconex.testscripts.UploadDocumentAndValidate" name="uploadDocument" time="17.01"/>
  <testcase classname="aconex.testscripts.UploadDocumentAndValidate" name="searchForUploadedDocument" time="6.236"/>
</testsuite> <!-- UploadDocumentAndValidate -->
