<?xml version="1.0" encoding="UTF-8"?>
<!-- Generated by org.testng.reporters.JUnitXMLReporter -->
<testsuite ignored="0" hostname="DESKTOP-9UM4G0E" failures="1" tests="1" name="BookAFlight" time="10.748" errors="0" timestamp="06 Nov 2020 08:19:52 GMT">
  <testcase classname="blazedemo.testScripts.BookAFlight" name="bookAFlight" time="0.152">
    <failure type="java.lang.NullPointerException" message="Cannot invoke &amp;quot;org.openqa.selenium.SearchContext.findElement(org.openqa.selenium.By)&amp;quot; because &amp;quot;this.searchContext&amp;quot; is null">
      <![CDATA[java.lang.NullPointerException: Cannot invoke "org.openqa.selenium.SearchContext.findElement(org.openqa.selenium.By)" because "this.searchContext" is null
at org.openqa.selenium.support.pagefactory.DefaultElementLocator.findElement(DefaultElementLocator.java:69)
at org.openqa.selenium.support.pagefactory.internal.LocatingElementHandler.invoke(LocatingElementHandler.java:38)
at com.sun.proxy.$Proxy13.isDisplayed(Unknown Source)
at blazedemo.screens.IndexScreenAndActions.selectSourceAndDestinationCities(IndexScreenAndActions.java:34)
at blazedemo.testScripts.BookAFlight.bookAFlight(BookAFlight.java:20)
... Removed 25 stack frames]]>
    </failure>
  </testcase> <!-- bookAFlight -->
</testsuite> <!-- BookAFlight -->
