<?xml version="1.0" encoding="UTF-8"?>
<!-- Generated by org.testng.reporters.JUnitXMLReporter -->
<testsuite ignored="0" hostname="DESKTOP-9UM4G0E" failures="0" tests="2" name="SendAMailAndValidate" time="36.43" errors="0" timestamp="08 Nov 2020 17:46:33 GMT">
  <testcase classname="aconex.testscripts.SendAMailAndValidate" name="sendAMailToGlobalGroup" time="21.395"/>
  <testcase classname="aconex.testscripts.SendAMailAndValidate" name="searchEmailAndValidate" time="4.437"/>
</testsuite> <!-- SendAMailAndValidate -->
