<?xml version="1.0" encoding="UTF-8"?>
<!-- Generated by org.testng.reporters.JUnitXMLReporter -->
<testsuite ignored="0" hostname="DESKTOP-9UM4G0E" failures="0" tests="4" name="SendAMailAndValidate" time="54.916" errors="0" timestamp="08 Nov 2020 18:54:10 GMT">
  <testcase classname="runnerFiles.RunTestNGTest" name="@AfterTest tearDownClass" time="0.778">
    <failure type="java.lang.NullPointerException" message="Cannot invoke &amp;quot;cucumber.api.testng.TestNGCucumberRunner.finish()&amp;quot; because &amp;quot;this.testNGCucumberRunner&amp;quot; is null">
      <![CDATA[java.lang.NullPointerException: Cannot invoke "cucumber.api.testng.TestNGCucumberRunner.finish()" because "this.testNGCucumberRunner" is null
at runnerFiles.RunTestNGTest.tearDownClass(RunTestNGTest.java:24)
... Removed 24 stack frames]]>
    </failure>
  </testcase> <!-- @AfterTest tearDownClass -->
  <testcase classname="cucumber.api.testng.AbstractTestNGCucumberTests" name="runScenario" time="22.158"/>
  <testcase classname="cucumber.api.testng.AbstractTestNGCucumberTests" name="runScenario" time="3.467"/>
  <testcase classname="cucumber.api.testng.AbstractTestNGCucumberTests" name="runScenario" time="12.814"/>
  <testcase classname="cucumber.api.testng.AbstractTestNGCucumberTests" name="runScenario" time="6.293"/>
</testsuite> <!-- SendAMailAndValidate -->
