<?xml version="1.0" encoding="UTF-8"?>
<testng-results ignored="0" total="4" passed="4" failed="0" skipped="0">
  <reporter-output>
    <line>
      <![CDATA[<div "result">I Login into an aconex application (PASSED : 5s)</div>]]>
    </line>
    <line>
      <![CDATA[<div "result">I fill Mandatory fields in New Mail tab (PASSED : 12s)</div>]]>
    </line>
    <line>
      <![CDATA[<div "result">click on Send (PASSED : 3s)</div>]]>
    </line>
    <line>
      <![CDATA[<div "result">Mail should send successfully (PASSED : 0s)</div>]]>
    </line>
    <line>
      <![CDATA[<div "result">I Navigate to All Mails Screen (PASSED : 1s)</div>]]>
    </line>
    <line>
      <![CDATA[<div "result">Search with Email Reference (PASSED : 1s)</div>]]>
    </line>
    <line>
      <![CDATA[<div "result">Mail should displayed in Search Results successfully (PASSED : 0s)</div>]]>
    </line>
    <line>
      <![CDATA[<div "result">I fill Mandatory fields in Upload Document tab (PASSED : 9s)</div>]]>
    </line>
    <line>
      <![CDATA[<div "result">click on Upload (PASSED : 2s)</div>]]>
    </line>
    <line>
      <![CDATA[<div "result">Document should uploaded successfully (PASSED : 0s)</div>]]>
    </line>
    <line>
      <![CDATA[<div "result">I Navigate to Document Register Screen (PASSED : 2s)</div>]]>
    </line>
    <line>
      <![CDATA[<div "result">Search with uploaded Document Reference (PASSED : 1s)</div>]]>
    </line>
    <line>
      <![CDATA[<div "result">I can Save search results (PASSED : 1s)</div>]]>
    </line>
    <line>
      <![CDATA[<div "result">logout From Application (PASSED : 1s)</div>]]>
    </line>
  </reporter-output>
  <suite started-at="2020-11-08T18:53:15Z" name="InterviewTestSuite_Cucumber" finished-at="2020-11-08T18:54:10Z" duration-ms="54916">
    <groups>
      <group name="cucumber">
        <method signature="AbstractTestNGCucumberTests.runScenario(cucumber.api.testng.PickleEventWrapper, cucumber.api.testng.CucumberFeatureWrapper)[pri:0, instance:runnerFiles.RunTestNGTest@63070bab]" name="runScenario" class="cucumber.api.testng.AbstractTestNGCucumberTests"/>
      </group> <!-- cucumber -->
    </groups>
    <test started-at="2020-11-08T18:53:15Z" name="SendAMailAndValidate" finished-at="2020-11-08T18:54:10Z" duration-ms="54916">
      <class name="runnerFiles.RunTestNGTest">
        <test-method is-config="true" signature="setUpCucumber(org.testng.ITestContext)[pri:0, instance:runnerFiles.RunTestNGTest@63070bab]" started-at="2020-11-08T18:53:15Z" name="setUpCucumber" finished-at="2020-11-08T18:53:24Z" duration-ms="8757" status="PASS">
          <params>
            <param index="0">
              <value>
                <![CDATA[org.testng.TestRunner@d257579]]>
              </value>
            </param>
          </params>
          <reporter-output>
          </reporter-output>
        </test-method> <!-- setUpCucumber -->
        <test-method is-config="true" signature="setUpClass()[pri:0, instance:runnerFiles.RunTestNGTest@63070bab]" started-at="2020-11-08T18:53:24Z" name="setUpClass" finished-at="2020-11-08T18:53:24Z" duration-ms="225" status="PASS">
          <reporter-output>
          </reporter-output>
        </test-method> <!-- setUpClass -->
        <test-method signature="runScenario(cucumber.api.testng.PickleEventWrapper, cucumber.api.testng.CucumberFeatureWrapper)[pri:0, instance:runnerFiles.RunTestNGTest@63070bab]" started-at="2020-11-08T18:53:24Z" name="runScenario" description="Runs Cucumber Scenarios" data-provider="scenarios" finished-at="2020-11-08T18:53:46Z" duration-ms="22158" status="PASS">
          <params>
            <param index="0">
              <value>
                <![CDATA["send email to group"]]>
              </value>
            </param>
            <param index="1">
              <value>
                <![CDATA["SendAMailAndValidate"]]>
              </value>
            </param>
          </params>
          <reporter-output>
            <line>
              <![CDATA[<div "result">I Login into an aconex application (PASSED : 5s)</div>]]>
            </line>
            <line>
              <![CDATA[<div "result">I fill Mandatory fields in New Mail tab (PASSED : 12s)</div>]]>
            </line>
            <line>
              <![CDATA[<div "result">click on Send (PASSED : 3s)</div>]]>
            </line>
            <line>
              <![CDATA[<div "result">Mail should send successfully (PASSED : 0s)</div>]]>
            </line>
          </reporter-output>
        </test-method> <!-- runScenario -->
        <test-method signature="runScenario(cucumber.api.testng.PickleEventWrapper, cucumber.api.testng.CucumberFeatureWrapper)[pri:0, instance:runnerFiles.RunTestNGTest@63070bab]" started-at="2020-11-08T18:53:46Z" name="runScenario" description="Runs Cucumber Scenarios" data-provider="scenarios" finished-at="2020-11-08T18:53:50Z" duration-ms="3467" status="PASS">
          <params>
            <param index="0">
              <value>
                <![CDATA["validate email in All Mails"]]>
              </value>
            </param>
            <param index="1">
              <value>
                <![CDATA["SendAMailAndValidate"]]>
              </value>
            </param>
          </params>
          <reporter-output>
            <line>
              <![CDATA[<div "result">I Navigate to All Mails Screen (PASSED : 1s)</div>]]>
            </line>
            <line>
              <![CDATA[<div "result">Search with Email Reference (PASSED : 1s)</div>]]>
            </line>
            <line>
              <![CDATA[<div "result">Mail should displayed in Search Results successfully (PASSED : 0s)</div>]]>
            </line>
          </reporter-output>
        </test-method> <!-- runScenario -->
        <test-method signature="runScenario(cucumber.api.testng.PickleEventWrapper, cucumber.api.testng.CucumberFeatureWrapper)[pri:0, instance:runnerFiles.RunTestNGTest@63070bab]" started-at="2020-11-08T18:53:50Z" name="runScenario" description="Runs Cucumber Scenarios" data-provider="scenarios" finished-at="2020-11-08T18:54:02Z" duration-ms="12814" status="PASS">
          <params>
            <param index="0">
              <value>
                <![CDATA["upload a document"]]>
              </value>
            </param>
            <param index="1">
              <value>
                <![CDATA["Upload a new Document"]]>
              </value>
            </param>
          </params>
          <reporter-output>
            <line>
              <![CDATA[<div "result">I fill Mandatory fields in Upload Document tab (PASSED : 9s)</div>]]>
            </line>
            <line>
              <![CDATA[<div "result">click on Upload (PASSED : 2s)</div>]]>
            </line>
            <line>
              <![CDATA[<div "result">Document should uploaded successfully (PASSED : 0s)</div>]]>
            </line>
          </reporter-output>
        </test-method> <!-- runScenario -->
        <test-method signature="runScenario(cucumber.api.testng.PickleEventWrapper, cucumber.api.testng.CucumberFeatureWrapper)[pri:0, instance:runnerFiles.RunTestNGTest@63070bab]" started-at="2020-11-08T18:54:02Z" name="runScenario" description="Runs Cucumber Scenarios" data-provider="scenarios" finished-at="2020-11-08T18:54:09Z" duration-ms="6293" status="PASS">
          <params>
            <param index="0">
              <value>
                <![CDATA["search uploaded document and save search"]]>
              </value>
            </param>
            <param index="1">
              <value>
                <![CDATA["Upload a new Document"]]>
              </value>
            </param>
          </params>
          <reporter-output>
            <line>
              <![CDATA[<div "result">I Navigate to Document Register Screen (PASSED : 2s)</div>]]>
            </line>
            <line>
              <![CDATA[<div "result">Search with uploaded Document Reference (PASSED : 1s)</div>]]>
            </line>
            <line>
              <![CDATA[<div "result">I can Save search results (PASSED : 1s)</div>]]>
            </line>
            <line>
              <![CDATA[<div "result">logout From Application (PASSED : 1s)</div>]]>
            </line>
          </reporter-output>
        </test-method> <!-- runScenario -->
        <test-method is-config="true" signature="tearDownClass()[pri:0, instance:runnerFiles.RunTestNGTest@63070bab]" started-at="2020-11-08T18:54:09Z" name="tearDownClass" finished-at="2020-11-08T18:54:10Z" duration-ms="778" status="FAIL">
          <exception class="java.lang.NullPointerException">
            <message>
              <![CDATA[Cannot invoke "cucumber.api.testng.TestNGCucumberRunner.finish()" because "this.testNGCucumberRunner" is null]]>
            </message>
            <full-stacktrace>
              <![CDATA[java.lang.NullPointerException: Cannot invoke "cucumber.api.testng.TestNGCucumberRunner.finish()" because "this.testNGCucumberRunner" is null
at runnerFiles.RunTestNGTest.tearDownClass(RunTestNGTest.java:24)
at java.base/jdk.internal.reflect.NativeMethodAccessorImpl.invoke0(Native Method)
at java.base/jdk.internal.reflect.NativeMethodAccessorImpl.invoke(NativeMethodAccessorImpl.java:62)
at java.base/jdk.internal.reflect.DelegatingMethodAccessorImpl.invoke(DelegatingMethodAccessorImpl.java:43)
at java.base/java.lang.reflect.Method.invoke(Method.java:564)
at org.testng.internal.MethodInvocationHelper.invokeMethod(MethodInvocationHelper.java:124)
at org.testng.internal.MethodInvocationHelper.invokeMethodConsideringTimeout(MethodInvocationHelper.java:59)
at org.testng.internal.Invoker.invokeConfigurationMethod(Invoker.java:458)
at org.testng.internal.Invoker.invokeConfigurations(Invoker.java:222)
at org.testng.internal.Invoker.invokeConfigurations(Invoker.java:142)
at org.testng.TestRunner.afterRun(TestRunner.java:725)
at org.testng.TestRunner.run(TestRunner.java:509)
at org.testng.SuiteRunner.runTest(SuiteRunner.java:455)
at org.testng.SuiteRunner.runSequentially(SuiteRunner.java:450)
at org.testng.SuiteRunner.privateRun(SuiteRunner.java:415)
at org.testng.SuiteRunner.run(SuiteRunner.java:364)
at org.testng.SuiteRunnerWorker.runSuite(SuiteRunnerWorker.java:52)
at org.testng.SuiteRunnerWorker.run(SuiteRunnerWorker.java:84)
at org.testng.TestNG.runSuitesSequentially(TestNG.java:1208)
at org.testng.TestNG.runSuitesLocally(TestNG.java:1137)
at org.testng.TestNG.runSuites(TestNG.java:1049)
at org.testng.TestNG.run(TestNG.java:1017)
at org.testng.remote.AbstractRemoteTestNG.run(AbstractRemoteTestNG.java:115)
at org.testng.remote.RemoteTestNG.initAndRun(RemoteTestNG.java:251)
at org.testng.remote.RemoteTestNG.main(RemoteTestNG.java:77)
]]>
            </full-stacktrace>
          </exception> <!-- java.lang.NullPointerException -->
          <reporter-output>
          </reporter-output>
        </test-method> <!-- tearDownClass -->
      </class> <!-- runnerFiles.RunTestNGTest -->
    </test> <!-- SendAMailAndValidate -->
  </suite> <!-- InterviewTestSuite_Cucumber -->
</testng-results>
